<?xml version="1.0" encoding="UTF-8"?>
<coverage generated="1657647203604" clover="3.2.0">
  <project timestamp="1657647203604" name="All files">
    <metrics statements="31" coveredstatements="15" conditionals="4" coveredconditionals="1" methods="13" coveredmethods="6" elements="48" coveredelements="22" complexity="0" loc="31" ncloc="31" packages="2" files="5" classes="5"/>
    <package name="SpeedyPenguinProject">
      <metrics statements="3" coveredstatements="2" conditionals="0" coveredconditionals="0" methods="2" coveredmethods="1"/>
      <file name="config.js" path="/Users/cheyennecornett/Desktop/SpeedyPenguinProject/config.js">
        <metrics statements="1" coveredstatements="1" conditionals="0" coveredconditionals="0" methods="0" coveredmethods="0"/>
        <line num="1" count="1" type="stmt"/>
      </file>
      <file name="util.js" path="/Users/cheyennecornett/Desktop/SpeedyPenguinProject/util.js">
        <metrics statements="2" coveredstatements="1" conditionals="0" coveredconditionals="0" methods="2" coveredmethods="1"/>
        <line num="5" count="1" type="stmt"/>
        <line num="12" count="0" type="stmt"/>
      </file>
    </package>
    <package name="SpeedyPenguinProject.src.QuestionsAnswers">
      <metrics statements="28" coveredstatements="13" conditionals="4" coveredconditionals="1" methods="11" coveredmethods="5"/>
      <file name="AnswerCards.jsx" path="/Users/cheyennecornett/Desktop/SpeedyPenguinProject/src/QuestionsAnswers/AnswerCards.jsx">
        <metrics statements="9" coveredstatements="0" conditionals="2" coveredconditionals="0" methods="3" coveredmethods="0"/>
        <line num="4" count="0" type="stmt"/>
        <line num="6" count="0" type="stmt"/>
        <line num="7" count="0" type="stmt"/>
        <line num="9" count="0" type="cond" truecount="0" falsecount="2"/>
        <line num="10" count="0" type="stmt"/>
        <line num="12" count="0" type="stmt"/>
        <line num="13" count="0" type="stmt"/>
        <line num="23" count="0" type="stmt"/>
        <line num="27" count="0" type="stmt"/>
      </file>
      <file name="QAcard.jsx" path="/Users/cheyennecornett/Desktop/SpeedyPenguinProject/src/QuestionsAnswers/QAcard.jsx">
        <metrics statements="9" coveredstatements="6" conditionals="2" coveredconditionals="1" methods="3" coveredmethods="2"/>
        <line num="5" count="1" type="stmt"/>
        <line num="7" count="1" type="stmt"/>
        <line num="8" count="1" type="stmt"/>
        <line num="10" count="1" type="cond" truecount="1" falsecount="1"/>
        <line num="11" count="0" type="stmt"/>
        <line num="13" count="0" type="stmt"/>
        <line num="14" count="0" type="stmt"/>
        <line num="33" count="1" type="stmt"/>
        <line num="37" count="1" type="stmt"/>
      </file>
      <file name="QuestionsAnswers.jsx" path="/Users/cheyennecornett/Desktop/SpeedyPenguinProject/src/QuestionsAnswers/QuestionsAnswers.jsx">
        <metrics statements="10" coveredstatements="7" conditionals="0" coveredconditionals="0" methods="5" coveredmethods="3"/>
        <line num="6" count="1" type="stmt"/>
        <line num="10" count="1" type="stmt"/>
        <line num="11" count="1" type="stmt"/>
        <line num="14" count="1" type="stmt"/>
        <line num="16" count="1" type="stmt"/>
        <line num="18" count="0" type="stmt"/>
        <line num="19" count="0" type="stmt"/>
        <line num="20" count="0" type="stmt"/>
        <line num="22" count="1" type="stmt"/>
        <line num="25" count="1" type="stmt"/>
      </file>
    </package>
  </project>
</coverage>
