<?xml version="1.0" encoding="UTF-8"?>
<coverage generated="1657639247477" clover="3.2.0">
  <project timestamp="1657639247477" name="All files">
    <metrics statements="19" coveredstatements="15" conditionals="0" coveredconditionals="0" methods="10" coveredmethods="8" elements="29" coveredelements="23" complexity="0" loc="19" ncloc="19" packages="3" files="8" classes="8"/>
    <package name="SpeedyPenguinProject">
      <metrics statements="3" coveredstatements="2" conditionals="0" coveredconditionals="0" methods="2" coveredmethods="1"/>
      <file name="config.js" path="/Users/jennyly/John/SpeedyPenguinProject/config.js">
        <metrics statements="1" coveredstatements="1" conditionals="0" coveredconditionals="0" methods="0" coveredmethods="0"/>
        <line num="1" count="1" type="stmt"/>
      </file>
      <file name="util.js" path="/Users/jennyly/John/SpeedyPenguinProject/util.js">
        <metrics statements="2" coveredstatements="1" conditionals="0" coveredconditionals="0" methods="2" coveredmethods="1"/>
        <line num="5" count="1" type="stmt"/>
        <line num="12" count="0" type="stmt"/>
      </file>
    </package>
    <package name="SpeedyPenguinProject.src.RatingsReviews">
      <metrics statements="8" coveredstatements="5" conditionals="0" coveredconditionals="0" methods="4" coveredmethods="3"/>
      <file name="Review.jsx" path="/Users/jennyly/John/SpeedyPenguinProject/src/RatingsReviews/Review.jsx">
        <metrics statements="8" coveredstatements="5" conditionals="0" coveredconditionals="0" methods="4" coveredmethods="3"/>
        <line num="12" count="1" type="stmt"/>
        <line num="17" count="1" type="stmt"/>
        <line num="18" count="1" type="stmt"/>
        <line num="20" count="0" type="stmt"/>
        <line num="21" count="0" type="stmt"/>
        <line num="22" count="0" type="stmt"/>
        <line num="28" count="1" type="stmt"/>
        <line num="32" count="1" type="stmt"/>
      </file>
    </package>
    <package name="SpeedyPenguinProject.src.RatingsReviews.styles">
      <metrics statements="8" coveredstatements="8" conditionals="0" coveredconditionals="0" methods="4" coveredmethods="4"/>
      <file name="Col.styled.js" path="/Users/jennyly/John/SpeedyPenguinProject/src/RatingsReviews/styles/Col.styled.js">
        <metrics statements="2" coveredstatements="2" conditionals="0" coveredconditionals="0" methods="1" coveredmethods="1"/>
        <line num="3" count="1" type="stmt"/>
        <line num="4" count="5" type="stmt"/>
      </file>
      <file name="Container.styled.js" path="/Users/jennyly/John/SpeedyPenguinProject/src/RatingsReviews/styles/Container.styled.js">
        <metrics statements="1" coveredstatements="1" conditionals="0" coveredconditionals="0" methods="0" coveredmethods="0"/>
        <line num="3" count="1" type="stmt"/>
      </file>
      <file name="Grid.styled.js" path="/Users/jennyly/John/SpeedyPenguinProject/src/RatingsReviews/styles/Grid.styled.js">
        <metrics statements="2" coveredstatements="2" conditionals="0" coveredconditionals="0" methods="1" coveredmethods="1"/>
        <line num="3" count="1" type="stmt"/>
        <line num="4" count="1" type="stmt"/>
      </file>
      <file name="Rating.styled.js" path="/Users/jennyly/John/SpeedyPenguinProject/src/RatingsReviews/styles/Rating.styled.js">
        <metrics statements="2" coveredstatements="2" conditionals="0" coveredconditionals="0" methods="2" coveredmethods="2"/>
        <line num="3" count="1" type="stmt"/>
        <line num="12" count="1" type="stmt"/>
      </file>
      <file name="Row.styled.js" path="/Users/jennyly/John/SpeedyPenguinProject/src/RatingsReviews/styles/Row.styled.js">
        <metrics statements="1" coveredstatements="1" conditionals="0" coveredconditionals="0" methods="0" coveredmethods="0"/>
        <line num="3" count="1" type="stmt"/>
      </file>
    </package>
  </project>
</coverage>
