{"/Users/jennyly/John/SpeedyPenguinProject/config.js": {"path":"/Users/jennyly/John/SpeedyPenguinProject/config.js","statementMap":{"0":{"start":{"line":1,"column":23},"end":{"line":1,"column":65}}},"fnMap":{},"branchMap":{},"s":{"0":1},"f":{},"b":{},"_coverageSchema":"1a1c01bbd47fc00a2c39e90264f33305004495a9","hash":"b94babbfedd4b860344d6118353f6c77902f601b"}
,"/Users/jennyly/John/SpeedyPenguinProject/util.js": {"path":"/Users/jennyly/John/SpeedyPenguinProject/util.js","statementMap":{"0":{"start":{"line":5,"column":2},"end":{"line":9,"column":5}},"1":{"start":{"line":12,"column":2},"end":{"line":16,"column":11}}},"fnMap":{"0":{"name":"axiosGet","decl":{"start":{"line":4,"column":16},"end":{"line":4,"column":24}},"loc":{"start":{"line":4,"column":30},"end":{"line":10,"column":1}},"line":4},"1":{"name":"axiosPost","decl":{"start":{"line":11,"column":16},"end":{"line":11,"column":25}},"loc":{"start":{"line":11,"column":37},"end":{"line":17,"column":1}},"line":11}},"branchMap":{},"s":{"0":1,"1":0},"f":{"0":1,"1":0},"b":{},"_coverageSchema":"1a1c01bbd47fc00a2c39e90264f33305004495a9","hash":"4c86d996671f867b95a801581e866652d0b5e98e"}
,"/Users/jennyly/John/SpeedyPenguinProject/src/RatingsReviews/Review.jsx": {"path":"/Users/jennyly/John/SpeedyPenguinProject/src/RatingsReviews/Review.jsx","statementMap":{"0":{"start":{"line":12,"column":31},"end":{"line":15,"column":5}},"1":{"start":{"line":17,"column":2},"end":{"line":24,"column":8}},"2":{"start":{"line":18,"column":4},"end":{"line":23,"column":8}},"3":{"start":{"line":20,"column":8},"end":{"line":20,"column":50}},"4":{"start":{"line":21,"column":8},"end":{"line":21,"column":35}},"5":{"start":{"line":22,"column":8},"end":{"line":22,"column":48}},"6":{"start":{"line":28,"column":2},"end":{"line":50,"column":4}},"7":{"start":{"line":32,"column":10},"end":{"line":46,"column":16}}},"fnMap":{"0":{"name":"Review","decl":{"start":{"line":10,"column":24},"end":{"line":10,"column":30}},"loc":{"start":{"line":10,"column":62},"end":{"line":51,"column":1}},"line":10},"1":{"name":"(anonymous_1)","decl":{"start":{"line":17,"column":12},"end":{"line":17,"column":13}},"loc":{"start":{"line":17,"column":18},"end":{"line":24,"column":3}},"line":17},"2":{"name":"(anonymous_2)","decl":{"start":{"line":19,"column":12},"end":{"line":19,"column":13}},"loc":{"start":{"line":19,"column":22},"end":{"line":23,"column":7}},"line":19},"3":{"name":"(anonymous_3)","decl":{"start":{"line":31,"column":45},"end":{"line":31,"column":46}},"loc":{"start":{"line":32,"column":10},"end":{"line":46,"column":16}},"line":32}},"branchMap":{},"s":{"0":1,"1":1,"2":1,"3":0,"4":0,"5":0,"6":1,"7":1},"f":{"0":1,"1":1,"2":0,"3":1},"b":{},"_coverageSchema":"1a1c01bbd47fc00a2c39e90264f33305004495a9","hash":"f0847cef9e5cadd1bc6d86615a9c475682c8b8e8"}
,"/Users/jennyly/John/SpeedyPenguinProject/src/RatingsReviews/styles/Col.styled.js": {"path":"/Users/jennyly/John/SpeedyPenguinProject/src/RatingsReviews/styles/Col.styled.js","statementMap":{"0":{"start":{"line":3,"column":19},"end":{"line":5,"column":1}},"1":{"start":{"line":4,"column":19},"end":{"line":4,"column":29}}},"fnMap":{"0":{"name":"(anonymous_0)","decl":{"start":{"line":4,"column":8},"end":{"line":4,"column":9}},"loc":{"start":{"line":4,"column":19},"end":{"line":4,"column":29}},"line":4}},"branchMap":{},"s":{"0":1,"1":5},"f":{"0":5},"b":{},"_coverageSchema":"1a1c01bbd47fc00a2c39e90264f33305004495a9","hash":"68dfae4d9d490bb06a3d842bca760bb1d3fa0c50"}
,"/Users/jennyly/John/SpeedyPenguinProject/src/RatingsReviews/styles/Container.styled.js": {"path":"/Users/jennyly/John/SpeedyPenguinProject/src/RatingsReviews/styles/Container.styled.js","statementMap":{"0":{"start":{"line":3,"column":25},"end":{"line":7,"column":16}}},"fnMap":{},"branchMap":{},"s":{"0":1},"f":{},"b":{},"_coverageSchema":"1a1c01bbd47fc00a2c39e90264f33305004495a9","hash":"7f9461517ffb894358ba79c340a5c9df6d536a21"}
,"/Users/jennyly/John/SpeedyPenguinProject/src/RatingsReviews/styles/Grid.styled.js": {"path":"/Users/jennyly/John/SpeedyPenguinProject/src/RatingsReviews/styles/Grid.styled.js","statementMap":{"0":{"start":{"line":3,"column":20},"end":{"line":6,"column":1}},"1":{"start":{"line":4,"column":29},"end":{"line":4,"column":40}}},"fnMap":{"0":{"name":"(anonymous_0)","decl":{"start":{"line":4,"column":20},"end":{"line":4,"column":21}},"loc":{"start":{"line":4,"column":29},"end":{"line":4,"column":40}},"line":4}},"branchMap":{},"s":{"0":1,"1":1},"f":{"0":1},"b":{},"_coverageSchema":"1a1c01bbd47fc00a2c39e90264f33305004495a9","hash":"63be472929030a9500629133d16da1250a388f6d"}
,"/Users/jennyly/John/SpeedyPenguinProject/src/RatingsReviews/styles/Rating.styled.js": {"path":"/Users/jennyly/John/SpeedyPenguinProject/src/RatingsReviews/styles/Rating.styled.js","statementMap":{"0":{"start":{"line":3,"column":22},"end":{"line":15,"column":2}},"1":{"start":{"line":12,"column":76},"end":{"line":12,"column":88}},"2":{"start":{"line":12,"column":137},"end":{"line":12,"column":149}}},"fnMap":{"0":{"name":"(anonymous_0)","decl":{"start":{"line":12,"column":67},"end":{"line":12,"column":68}},"loc":{"start":{"line":12,"column":76},"end":{"line":12,"column":88}},"line":12},"1":{"name":"(anonymous_1)","decl":{"start":{"line":12,"column":128},"end":{"line":12,"column":129}},"loc":{"start":{"line":12,"column":137},"end":{"line":12,"column":149}},"line":12}},"branchMap":{},"s":{"0":1,"1":1,"2":1},"f":{"0":1,"1":1},"b":{},"_coverageSchema":"1a1c01bbd47fc00a2c39e90264f33305004495a9","hash":"613a8ffe1074b25c6c87455fa46f3344dc3dfec8"}
,"/Users/jennyly/John/SpeedyPenguinProject/src/RatingsReviews/styles/Row.styled.js": {"path":"/Users/jennyly/John/SpeedyPenguinProject/src/RatingsReviews/styles/Row.styled.js","statementMap":{"0":{"start":{"line":3,"column":19},"end":{"line":7,"column":1}}},"fnMap":{},"branchMap":{},"s":{"0":1},"f":{},"b":{},"_coverageSchema":"1a1c01bbd47fc00a2c39e90264f33305004495a9","hash":"e8f596be97fd6226bb0b8ef9fe56c6ffadd8f0fd"}
}
