{"/Users/cheyennecornett/Desktop/SpeedyPenguinProject/config.js": {"path":"/Users/cheyennecornett/Desktop/SpeedyPenguinProject/config.js","statementMap":{"0":{"start":{"line":1,"column":23},"end":{"line":1,"column":65}}},"fnMap":{},"branchMap":{},"s":{"0":1},"f":{},"b":{},"_coverageSchema":"1a1c01bbd47fc00a2c39e90264f33305004495a9","hash":"e80ef3329e30e5e77433b338228082875a6d7573"}
,"/Users/cheyennecornett/Desktop/SpeedyPenguinProject/util.js": {"path":"/Users/cheyennecornett/Desktop/SpeedyPenguinProject/util.js","statementMap":{"0":{"start":{"line":5,"column":2},"end":{"line":9,"column":5}},"1":{"start":{"line":12,"column":2},"end":{"line":16,"column":11}}},"fnMap":{"0":{"name":"axiosGet","decl":{"start":{"line":4,"column":16},"end":{"line":4,"column":24}},"loc":{"start":{"line":4,"column":30},"end":{"line":10,"column":1}},"line":4},"1":{"name":"axiosPost","decl":{"start":{"line":11,"column":16},"end":{"line":11,"column":25}},"loc":{"start":{"line":11,"column":37},"end":{"line":17,"column":1}},"line":11}},"branchMap":{},"s":{"0":1,"1":0},"f":{"0":1,"1":0},"b":{},"_coverageSchema":"1a1c01bbd47fc00a2c39e90264f33305004495a9","hash":"de29a7176edc72b90ce29886737eac211f2015bf"}
,"/Users/cheyennecornett/Desktop/SpeedyPenguinProject/src/QuestionsAnswers/AnswerCards.jsx": {"path":"/Users/cheyennecornett/Desktop/SpeedyPenguinProject/src/QuestionsAnswers/AnswerCards.jsx","statementMap":{"0":{"start":{"line":4,"column":2},"end":{"line":4,"column":45}},"1":{"start":{"line":6,"column":25},"end":{"line":26,"column":3}},"2":{"start":{"line":7,"column":20},"end":{"line":7,"column":49}},"3":{"start":{"line":9,"column":4},"end":{"line":22,"column":5}},"4":{"start":{"line":10,"column":6},"end":{"line":21,"column":8}},"5":{"start":{"line":12,"column":10},"end":{"line":12,"column":44}},"6":{"start":{"line":13,"column":10},"end":{"line":19,"column":12}},"7":{"start":{"line":23,"column":4},"end":{"line":25,"column":6}},"8":{"start":{"line":27,"column":2},"end":{"line":31,"column":4}}},"fnMap":{"0":{"name":"Answers","decl":{"start":{"line":3,"column":24},"end":{"line":3,"column":31}},"loc":{"start":{"line":3,"column":39},"end":{"line":32,"column":1}},"line":3},"1":{"name":"(anonymous_1)","decl":{"start":{"line":6,"column":25},"end":{"line":6,"column":26}},"loc":{"start":{"line":6,"column":36},"end":{"line":26,"column":3}},"line":6},"2":{"name":"(anonymous_2)","decl":{"start":{"line":11,"column":20},"end":{"line":11,"column":21}},"loc":{"start":{"line":11,"column":39},"end":{"line":20,"column":9}},"line":11}},"branchMap":{"0":{"loc":{"start":{"line":9,"column":4},"end":{"line":22,"column":5}},"type":"if","locations":[{"start":{"line":9,"column":4},"end":{"line":22,"column":5}},{"start":{},"end":{}}],"line":9}},"s":{"0":0,"1":0,"2":0,"3":0,"4":0,"5":0,"6":0,"7":0,"8":0},"f":{"0":0,"1":0,"2":0},"b":{"0":[0,0]},"_coverageSchema":"1a1c01bbd47fc00a2c39e90264f33305004495a9","hash":"a13b392b064fe0f0172f3f7bcbee4207b2230cb5"}
,"/Users/cheyennecornett/Desktop/SpeedyPenguinProject/src/QuestionsAnswers/QAcard.jsx": {"path":"/Users/cheyennecornett/Desktop/SpeedyPenguinProject/src/QuestionsAnswers/QAcard.jsx","statementMap":{"0":{"start":{"line":5,"column":2},"end":{"line":5,"column":38}},"1":{"start":{"line":7,"column":25},"end":{"line":36,"column":3}},"2":{"start":{"line":8,"column":24},"end":{"line":8,"column":29}},"3":{"start":{"line":10,"column":4},"end":{"line":32,"column":5}},"4":{"start":{"line":11,"column":6},"end":{"line":31,"column":8}},"5":{"start":{"line":13,"column":10},"end":{"line":13,"column":30}},"6":{"start":{"line":14,"column":10},"end":{"line":29,"column":12}},"7":{"start":{"line":33,"column":4},"end":{"line":35,"column":6}},"8":{"start":{"line":37,"column":2},"end":{"line":43,"column":4}}},"fnMap":{"0":{"name":"QAcard","decl":{"start":{"line":4,"column":24},"end":{"line":4,"column":30}},"loc":{"start":{"line":4,"column":38},"end":{"line":44,"column":1}},"line":4},"1":{"name":"(anonymous_1)","decl":{"start":{"line":7,"column":25},"end":{"line":7,"column":26}},"loc":{"start":{"line":7,"column":36},"end":{"line":36,"column":3}},"line":7},"2":{"name":"(anonymous_2)","decl":{"start":{"line":12,"column":20},"end":{"line":12,"column":21}},"loc":{"start":{"line":12,"column":39},"end":{"line":30,"column":9}},"line":12}},"branchMap":{"0":{"loc":{"start":{"line":10,"column":4},"end":{"line":32,"column":5}},"type":"if","locations":[{"start":{"line":10,"column":4},"end":{"line":32,"column":5}},{"start":{},"end":{}}],"line":10}},"s":{"0":1,"1":1,"2":1,"3":1,"4":0,"5":0,"6":0,"7":1,"8":1},"f":{"0":1,"1":1,"2":0},"b":{"0":[0,1]},"_coverageSchema":"1a1c01bbd47fc00a2c39e90264f33305004495a9","hash":"2bbdfdfcf8e48a68548dab7877466a5890a4ab04"}
,"/Users/cheyennecornett/Desktop/SpeedyPenguinProject/src/QuestionsAnswers/QuestionsAnswers.jsx": {"path":"/Users/cheyennecornett/Desktop/SpeedyPenguinProject/src/QuestionsAnswers/QuestionsAnswers.jsx","statementMap":{"0":{"start":{"line":6,"column":26},"end":{"line":6,"column":38}},"1":{"start":{"line":10,"column":2},"end":{"line":12,"column":9}},"2":{"start":{"line":11,"column":4},"end":{"line":11,"column":13}},"3":{"start":{"line":14,"column":16},"end":{"line":14,"column":21}},"4":{"start":{"line":16,"column":17},"end":{"line":20,"column":60}},"5":{"start":{"line":16,"column":23},"end":{"line":20,"column":60}},"6":{"start":{"line":18,"column":20},"end":{"line":18,"column":41}},"7":{"start":{"line":19,"column":4},"end":{"line":19,"column":21}},"8":{"start":{"line":20,"column":24},"end":{"line":20,"column":57}},"9":{"start":{"line":22,"column":2},"end":{"line":22,"column":29}},"10":{"start":{"line":25,"column":2},"end":{"line":37,"column":4}}},"fnMap":{"0":{"name":"QuestionsAnswers","decl":{"start":{"line":5,"column":24},"end":{"line":5,"column":40}},"loc":{"start":{"line":5,"column":43},"end":{"line":38,"column":1}},"line":5},"1":{"name":"(anonymous_1)","decl":{"start":{"line":10,"column":12},"end":{"line":10,"column":13}},"loc":{"start":{"line":10,"column":18},"end":{"line":12,"column":3}},"line":10},"2":{"name":"(anonymous_2)","decl":{"start":{"line":16,"column":17},"end":{"line":16,"column":18}},"loc":{"start":{"line":16,"column":23},"end":{"line":20,"column":60}},"line":16},"3":{"name":"(anonymous_3)","decl":{"start":{"line":16,"column":127},"end":{"line":16,"column":128}},"loc":{"start":{"line":16,"column":141},"end":{"line":20,"column":3}},"line":16},"4":{"name":"(anonymous_4)","decl":{"start":{"line":20,"column":11},"end":{"line":20,"column":12}},"loc":{"start":{"line":20,"column":22},"end":{"line":20,"column":59}},"line":20}},"branchMap":{},"s":{"0":1,"1":1,"2":1,"3":1,"4":1,"5":1,"6":0,"7":0,"8":0,"9":1,"10":1},"f":{"0":1,"1":1,"2":1,"3":0,"4":0},"b":{},"_coverageSchema":"1a1c01bbd47fc00a2c39e90264f33305004495a9","hash":"145eff179fcdd9f25caa75e05c290acb5c43aa66"}
}
