TN:
SF:config.js
FNF:0
FNH:0
DA:1,1
LF:1
LH:1
BRF:0
BRH:0
end_of_record
TN:
SF:util.js
FN:4,axiosGet
FN:11,axiosPost
FNF:2
FNH:1
FNDA:1,axiosGet
FNDA:0,axiosPost
DA:5,1
DA:12,0
LF:2
LH:1
BRF:0
BRH:0
end_of_record
TN:
SF:src/QuestionsAnswers/AnswerCards.jsx
FN:3,Answers
FN:6,(anonymous_1)
FN:11,(anonymous_2)
FNF:3
FNH:0
FNDA:0,Answers
FNDA:0,(anonymous_1)
FNDA:0,(anonymous_2)
DA:4,0
DA:6,0
DA:7,0
DA:9,0
DA:10,0
DA:12,0
DA:13,0
DA:23,0
DA:27,0
LF:9
LH:0
BRDA:9,0,0,0
BRDA:9,0,1,0
BRF:2
BRH:0
end_of_record
TN:
SF:src/QuestionsAnswers/QAcard.jsx
FN:4,QAcard
FN:7,(anonymous_1)
FN:12,(anonymous_2)
FNF:3
FNH:2
FNDA:1,QAcard
FNDA:1,(anonymous_1)
FNDA:0,(anonymous_2)
DA:5,1
DA:7,1
DA:8,1
DA:10,1
DA:11,0
DA:13,0
DA:14,0
DA:33,1
DA:37,1
LF:9
LH:6
BRDA:10,0,0,0
BRDA:10,0,1,1
BRF:2
BRH:1
end_of_record
TN:
SF:src/QuestionsAnswers/QuestionsAnswers.jsx
FN:5,QuestionsAnswers
FN:10,(anonymous_1)
FN:16,(anonymous_2)
FN:16,(anonymous_3)
FN:20,(anonymous_4)
FNF:5
FNH:3
FNDA:1,QuestionsAnswers
FNDA:1,(anonymous_1)
FNDA:1,(anonymous_2)
FNDA:0,(anonymous_3)
FNDA:0,(anonymous_4)
DA:6,1
DA:10,1
DA:11,1
DA:14,1
DA:16,1
DA:18,0
DA:19,0
DA:20,0
DA:22,1
DA:25,1
LF:10
LH:7
BRF:0
BRH:0
end_of_record
