TN:
SF:config.js
FNF:0
FNH:0
DA:1,2
LF:1
LH:1
BRF:0
BRH:0
end_of_record
TN:
SF:util.js
FN:4,axiosGet
FN:11,axiosPost
FNF:2
FNH:1
FNDA:2,axiosGet
FNDA:0,axiosPost
DA:5,2
DA:12,0
LF:2
LH:1
BRF:0
BRH:0
end_of_record
TN:
SF:src/QuestionsAnswers/AnswerCards.jsx
FN:3,Answers
FN:6,(anonymous_1)
FN:11,(anonymous_2)
FN:11,(anonymous_3)
FNF:4
FNH:0
FNDA:0,Answers
FNDA:0,(anonymous_1)
FNDA:0,(anonymous_2)
FNDA:0,(anonymous_3)
DA:4,0
DA:6,0
DA:7,0
DA:9,0
DA:10,0
DA:11,0
DA:12,0
DA:13,0
DA:23,0
DA:27,0
LF:10
LH:0
BRDA:9,0,0,0
BRDA:9,0,1,0
BRDA:11,1,0,0
BRDA:11,1,1,0
BRF:4
BRH:0
end_of_record
TN:
SF:src/QuestionsAnswers/QAcard.jsx
FN:4,QAcard
FN:7,(anonymous_1)
FN:12,(anonymous_2)
FN:12,(anonymous_3)
FNF:4
FNH:2
FNDA:1,QAcard
FNDA:1,(anonymous_1)
FNDA:0,(anonymous_2)
FNDA:0,(anonymous_3)
DA:5,1
DA:7,1
DA:8,1
DA:10,1
DA:11,0
DA:12,0
DA:13,0
DA:14,0
DA:34,1
DA:38,1
LF:10
LH:6
BRDA:10,0,0,0
BRDA:10,0,1,1
BRDA:12,1,0,0
BRDA:12,1,1,0
BRF:4
BRH:1
end_of_record
TN:
SF:src/QuestionsAnswers/QuestionsAnswers.jsx
FN:6,QuestionsAnswers
FN:11,(anonymous_1)
FN:17,(anonymous_2)
FN:17,(anonymous_3)
FN:21,(anonymous_4)
FNF:5
FNH:3
FNDA:1,QuestionsAnswers
FNDA:1,(anonymous_1)
FNDA:1,(anonymous_2)
FNDA:0,(anonymous_3)
FNDA:0,(anonymous_4)
DA:7,1
DA:11,1
DA:12,1
DA:15,1
DA:17,1
DA:19,0
DA:20,0
DA:21,0
DA:23,1
DA:26,1
LF:10
LH:7
BRF:0
BRH:0
end_of_record
TN:
SF:src/RatingsReviews/AddReview.jsx
FN:4,AddReview
FN:8,(anonymous_1)
FN:10,(anonymous_2)
FNF:3
FNH:0
FNDA:0,AddReview
FNDA:0,(anonymous_1)
FNDA:0,(anonymous_2)
DA:6,0
DA:8,0
DA:9,0
DA:11,0
DA:12,0
DA:16,0
LF:6
LH:0
BRF:0
BRH:0
end_of_record
TN:
SF:src/RatingsReviews/AvgRating.jsx
FN:7,quarter
FN:11,avgRating
FN:16,(anonymous_2)
FN:20,displayRating
FN:25,AvgRating
FNF:5
FNH:4
FNDA:1,quarter
FNDA:2,avgRating
FNDA:0,(anonymous_2)
FNDA:1,displayRating
FNDA:1,AvgRating
DA:8,1
DA:12,2
DA:13,2
DA:14,2
DA:16,2
DA:17,2
DA:21,1
DA:26,1
LF:8
LH:8
BRF:0
BRH:0
end_of_record
TN:
SF:src/RatingsReviews/Graphical.jsx
FN:3,Graphical
FNF:1
FNH:1
FNDA:1,Graphical
DA:4,1
LF:1
LH:1
BRF:0
BRH:0
end_of_record
TN:
SF:src/RatingsReviews/Popup.jsx
FN:6,Popup
FN:12,(anonymous_1)
FNF:2
FNH:1
FNDA:1,Popup
FNDA:0,(anonymous_1)
DA:8,1
DA:12,0
LF:2
LH:1
BRDA:8,0,0,0
BRDA:8,0,1,1
BRF:2
BRH:1
end_of_record
TN:
SF:src/RatingsReviews/Review.jsx
FN:10,Review
FN:12,number
FN:19,(anonymous_2)
FNF:3
FNH:3
FNDA:2,Review
FNDA:2,number
FNDA:2,(anonymous_2)
DA:13,2
DA:16,2
DA:20,2
LF:3
LH:3
BRF:0
BRH:0
end_of_record
TN:
SF:src/RatingsReviews/SeeMore.jsx
FN:10,SeeMore
FN:12,handleClick
FN:15,handleClickAdd
FN:26,(anonymous_3)
FN:29,(anonymous_4)
FN:33,(anonymous_5)
FNF:6
FNH:2
FNDA:1,SeeMore
FNDA:0,handleClick
FNDA:0,handleClickAdd
FNDA:0,(anonymous_3)
FNDA:0,(anonymous_4)
FNDA:1,(anonymous_5)
DA:13,0
DA:16,0
DA:18,1
DA:20,1
DA:26,0
DA:29,0
DA:34,1
LF:7
LH:3
BRDA:25,0,0,1
BRDA:25,0,1,0
BRF:2
BRH:1
end_of_record
TN:
SF:src/RatingsReviews/bigList.jsx
FN:14,BigList
FN:21,(anonymous_1)
FN:23,(anonymous_2)
FN:44,(anonymous_3)
FNF:4
FNH:3
FNDA:1,BigList
FNDA:1,(anonymous_1)
FNDA:0,(anonymous_2)
FNDA:1,(anonymous_3)
DA:10,1
DA:16,1
DA:21,1
DA:22,1
DA:24,0
DA:25,0
DA:30,1
DA:32,1
DA:33,1
DA:45,1
LF:10
LH:8
BRF:0
BRH:0
end_of_record
TN:
SF:src/RatingsReviews/tracker.jsx
FN:4,(anonymous_0)
FN:11,(anonymous_1)
FN:18,(anonymous_2)
FNF:3
FNH:2
FNDA:2,(anonymous_0)
FNDA:0,(anonymous_1)
FNDA:2,(anonymous_2)
DA:5,2
DA:6,2
DA:11,2
DA:12,0
DA:15,0
DA:16,0
DA:19,2
LF:7
LH:4
BRF:0
BRH:0
end_of_record
TN:
SF:src/RatingsReviews/styles/Button.styled.js
FN:5,(anonymous_0)
FNF:1
FNH:1
FNDA:1,(anonymous_0)
DA:3,1
DA:5,1
LF:2
LH:2
BRF:0
BRH:0
end_of_record
TN:
SF:src/RatingsReviews/styles/Col.styled.js
FN:4,(anonymous_0)
FNF:1
FNH:1
FNDA:15,(anonymous_0)
DA:3,1
DA:4,15
LF:2
LH:2
BRF:0
BRH:0
end_of_record
TN:
SF:src/RatingsReviews/styles/Container.styled.js
FNF:0
FNH:0
DA:3,1
LF:1
LH:1
BRF:0
BRH:0
end_of_record
TN:
SF:src/RatingsReviews/styles/Grid.styled.js
FN:4,(anonymous_0)
FNF:1
FNH:1
FNDA:5,(anonymous_0)
DA:3,1
DA:4,5
LF:2
LH:2
BRF:0
BRH:0
end_of_record
TN:
SF:src/RatingsReviews/styles/PopupInner.styled.js
FNF:0
FNH:0
DA:3,1
LF:1
LH:1
BRF:0
BRH:0
end_of_record
TN:
SF:src/RatingsReviews/styles/PopupOuter.styled.js
FNF:0
FNH:0
DA:3,1
LF:1
LH:1
BRF:0
BRH:0
end_of_record
TN:
SF:src/RatingsReviews/styles/Rating.styled.js
FN:12,(anonymous_0)
FN:12,(anonymous_1)
FNF:2
FNH:2
FNDA:3,(anonymous_0)
FNDA:3,(anonymous_1)
DA:3,1
DA:12,3
LF:2
LH:2
BRF:0
BRH:0
end_of_record
TN:
SF:src/RatingsReviews/styles/Row.styled.js
FN:5,(anonymous_0)
FNF:1
FNH:1
FNDA:11,(anonymous_0)
DA:3,1
DA:5,11
LF:2
LH:2
BRF:0
BRH:0
end_of_record
